2025-07-07 15:48:42,815 - INFO - Scanner thread started
2025-07-07 15:48:42,818 - INFO - MQTT thread started
2025-07-07 15:48:43,219 - ERROR - MQTT client failed to connect
2025-07-07 15:48:43,219 - INFO - MQTT client started successfully
2025-07-07 15:48:43,786 - INFO - Connected to MQTT broker
2025-07-07 15:48:46,376 - INFO - Connected to MQTT broker successfully
2025-07-07 15:48:52,439 - DEBUG - Converted retries value: 3 -> Retry(total=3, connect=None, read=None, redirect=None, status=None)
2025-07-07 15:48:52,441 - DEBUG - Making request: POST https://oauth2.googleapis.com/token
2025-07-07 15:48:54,156 - INFO - Quantity 8 stored in Firebase
2025-07-07 15:48:54,156 - INFO - Detection started for expectedCount=8
2025-07-07 15:48:54,546 - DEBUG - Received MQTT message: {'action': 'start', 'expectedCount': 8}
2025-07-07 15:48:54,547 - INFO - Started detection for 8 medicine boxes
2025-07-07 15:48:58,984 - INFO - Camera initialized successfully
2025-07-07 15:49:02,787 - INFO - Detected medicine box ID 2 (1/8)
2025-07-07 15:49:02,788 - INFO - Detected medicine box ID 3 (2/8)
2025-07-07 15:49:02,789 - INFO - Detected medicine box ID 4 (3/8)
2025-07-07 15:49:14,862 - INFO - Detected medicine box ID 5 (4/8)
2025-07-07 15:49:35,346 - INFO - Detected medicine box ID 6 (5/8)
2025-07-07 15:49:35,662 - INFO - Detected medicine box ID 7 (6/8)
2025-07-07 15:49:35,861 - INFO - Detected medicine box ID 8 (7/8)
2025-07-07 15:49:47,832 - INFO - Detected medicine box ID 9 (8/8)
2025-07-07 15:49:47,833 - INFO - Detection completed: 8/8
2025-07-07 15:49:48,121 - INFO - Detection loop ended
2025-07-07 15:49:48,416 - INFO - Received message: {"type": "result", "complete": true, "detected": 8, "expected": 8, "timestamp": "2025-07-07T15:49:47.833694"}
