2025-07-04 08:50:20,028 - INFO - Scanner thread started
2025-07-04 08:50:20,031 - INFO - MQTT thread started
2025-07-04 08:50:20,322 - ERROR - MQTT client failed to connect
2025-07-04 08:50:20,422 - INFO - Connected to MQTT broker
2025-07-04 08:50:23,312 - DEBUG - Converted retries value: 3 -> Retry(total=3, connect=None, read=None, redirect=None, status=None)
2025-07-04 08:50:23,314 - DEBUG - Making request: POST https://oauth2.googleapis.com/token
2025-07-04 08:50:23,392 - INFO - Connected to MQTT broker
2025-07-04 08:50:24,211 - INFO - Quantity 4 stored in Firebase
2025-07-04 08:50:24,212 - INFO - Detection started for expectedCount=4
2025-07-04 08:50:51,368 - INFO - New detection: medicine_box, total: 1
2025-07-04 08:50:51,369 - INFO - Status: 1/4
2025-07-04 08:50:52,016 - INFO - New detection: medicine_box, total: 2
2025-07-04 08:50:52,016 - INFO - Status: 2/4
2025-07-04 08:50:52,157 - INFO - New detection: medicine_box, total: 3
2025-07-04 08:50:52,158 - INFO - Status: 3/4
2025-07-04 08:50:52,305 - INFO - New detection: medicine_box, total: 4
2025-07-04 08:50:52,305 - INFO - Status: 4/4
2025-07-04 08:50:52,306 - INFO - Published result: Perfect match: 4/4 medicine boxes detected (OK)
2025-07-04 08:50:52,474 - INFO - Received message: {"type": "result", "message": "Perfect match: 4/4 medicine boxes detected (OK)", "detectedCount": 4, "expectedCount": 4, "timestamp": "2025-07-04T08:50:52.306166"}
2025-07-04 08:50:52,668 - INFO - Camera released and windows closed
